{"@timestamp":"2025-10-03T17:03:40.694504946+08:00","@version":"1","level":"WARN","thread_name":"main","logger_name":"com.alibaba.nacos.client.logging.NacosLogging","message":"Load Logback Configuration of Nacos fail, message: Could not initialize Logback Nacos logging from classpath:nacos-logback.xml"}
{"@timestamp":"2025-10-03T17:03:40.73134294+08:00","@version":"1","level":"WARN","thread_name":"main","logger_name":"com.alibaba.nacos.client.logging.NacosLogging","message":"Load Logback Configuration of Nacos fail, message: Could not initialize Logback Nacos logging from classpath:nacos-logback.xml"}
{"@timestamp":"2025-10-03T17:03:40.856202049+08:00","@version":"1","level":"WARN","thread_name":"main","logger_name":"com.alibaba.nacos.client.logging.NacosLogging","message":"Load Logback Configuration of Nacos fail, message: Could not initialize Logback Nacos logging from classpath:nacos-logback.xml"}
{"@timestamp":"2025-10-03T17:03:40.857211504+08:00","@version":"1","level":"INFO","thread_name":"main","logger_name":"com.alibaba.nacos.client.utils.ParamUtil","message":"[settings] [req-serv] nacos-server port:8848"}
{"@timestamp":"2025-10-03T17:03:40.857318664+08:00","@version":"1","level":"INFO","thread_name":"main","logger_name":"com.alibaba.nacos.client.utils.ParamUtil","message":"[settings] [http-client] connect timeout:1000"}
{"@timestamp":"2025-10-03T17:03:40.857957134+08:00","@version":"1","level":"INFO","thread_name":"main","logger_name":"com.alibaba.nacos.client.utils.ParamUtil","message":"PER_TASK_CONFIG_SIZE: 3000.0"}
{"@timestamp":"2025-10-03T17:03:40.870924168+08:00","@version":"1","level":"INFO","thread_name":"main","logger_name":"com.alibaba.nacos.plugin.auth.spi.client.ClientAuthPluginManager","message":"[ClientAuthPluginManager] Load ClientAuthService com.alibaba.nacos.client.auth.impl.NacosClientAuthServiceImpl success."}
{"@timestamp":"2025-10-03T17:03:40.871056007+08:00","@version":"1","level":"INFO","thread_name":"main","logger_name":"com.alibaba.nacos.plugin.auth.spi.client.ClientAuthPluginManager","message":"[ClientAuthPluginManager] Load ClientAuthService com.alibaba.nacos.client.auth.ram.RamClientAuthServiceImpl success."}
{"@timestamp":"2025-10-03T17:03:40.872231151+08:00","@version":"1","level":"INFO","thread_name":"main","logger_name":"com.alibaba.nacos.client.auth.ram.identify.CredentialWatcher","message":"null No credential found"}
{"@timestamp":"2025-10-03T17:05:17.851868461+08:00","@version":"1","level":"WARN","thread_name":"main","logger_name":"com.alibaba.nacos.client.logging.NacosLogging","message":"Load Logback Configuration of Nacos fail, message: Could not initialize Logback Nacos logging from classpath:nacos-logback.xml"}
{"@timestamp":"2025-10-03T17:05:17.876893046+08:00","@version":"1","level":"WARN","thread_name":"main","logger_name":"com.alibaba.nacos.client.logging.NacosLogging","message":"Load Logback Configuration of Nacos fail, message: Could not initialize Logback Nacos logging from classpath:nacos-logback.xml"}
{"@timestamp":"2025-10-03T17:05:17.990038169+08:00","@version":"1","level":"WARN","thread_name":"main","logger_name":"com.alibaba.nacos.client.logging.NacosLogging","message":"Load Logback Configuration of Nacos fail, message: Could not initialize Logback Nacos logging from classpath:nacos-logback.xml"}
{"@timestamp":"2025-10-03T17:05:17.991549153+08:00","@version":"1","level":"INFO","thread_name":"main","logger_name":"com.alibaba.nacos.client.utils.ParamUtil","message":"[settings] [req-serv] nacos-server port:8848"}
{"@timestamp":"2025-10-03T17:05:17.991741678+08:00","@version":"1","level":"INFO","thread_name":"main","logger_name":"com.alibaba.nacos.client.utils.ParamUtil","message":"[settings] [http-client] connect timeout:1000"}
{"@timestamp":"2025-10-03T17:05:17.992524296+08:00","@version":"1","level":"INFO","thread_name":"main","logger_name":"com.alibaba.nacos.client.utils.ParamUtil","message":"PER_TASK_CONFIG_SIZE: 3000.0"}
{"@timestamp":"2025-10-03T17:05:18.011132897+08:00","@version":"1","level":"INFO","thread_name":"main","logger_name":"com.alibaba.nacos.plugin.auth.spi.client.ClientAuthPluginManager","message":"[ClientAuthPluginManager] Load ClientAuthService com.alibaba.nacos.client.auth.impl.NacosClientAuthServiceImpl success."}
{"@timestamp":"2025-10-03T17:05:18.011276618+08:00","@version":"1","level":"INFO","thread_name":"main","logger_name":"com.alibaba.nacos.plugin.auth.spi.client.ClientAuthPluginManager","message":"[ClientAuthPluginManager] Load ClientAuthService com.alibaba.nacos.client.auth.ram.RamClientAuthServiceImpl success."}
{"@timestamp":"2025-10-03T17:05:18.012391025+08:00","@version":"1","level":"INFO","thread_name":"main","logger_name":"com.alibaba.nacos.client.auth.ram.identify.CredentialWatcher","message":"null No credential found"}
{"@timestamp":"2025-10-03T17:05:33.323181819+08:00","@version":"1","level":"WARN","thread_name":"main","logger_name":"com.alibaba.nacos.client.logging.NacosLogging","message":"Load Logback Configuration of Nacos fail, message: Could not initialize Logback Nacos logging from classpath:nacos-logback.xml"}
{"@timestamp":"2025-10-03T17:05:33.374567844+08:00","@version":"1","level":"WARN","thread_name":"main","logger_name":"com.alibaba.nacos.client.logging.NacosLogging","message":"Load Logback Configuration of Nacos fail, message: Could not initialize Logback Nacos logging from classpath:nacos-logback.xml"}
{"@timestamp":"2025-10-03T17:05:33.539478453+08:00","@version":"1","level":"WARN","thread_name":"main","logger_name":"com.alibaba.nacos.client.logging.NacosLogging","message":"Load Logback Configuration of Nacos fail, message: Could not initialize Logback Nacos logging from classpath:nacos-logback.xml"}
{"@timestamp":"2025-10-03T17:05:33.540906949+08:00","@version":"1","level":"INFO","thread_name":"main","logger_name":"com.alibaba.nacos.client.utils.ParamUtil","message":"[settings] [req-serv] nacos-server port:8848"}
{"@timestamp":"2025-10-03T17:05:33.541044647+08:00","@version":"1","level":"INFO","thread_name":"main","logger_name":"com.alibaba.nacos.client.utils.ParamUtil","message":"[settings] [http-client] connect timeout:1000"}
{"@timestamp":"2025-10-03T17:05:33.541894403+08:00","@version":"1","level":"INFO","thread_name":"main","logger_name":"com.alibaba.nacos.client.utils.ParamUtil","message":"PER_TASK_CONFIG_SIZE: 3000.0"}
{"@timestamp":"2025-10-03T17:05:33.561357615+08:00","@version":"1","level":"INFO","thread_name":"main","logger_name":"com.alibaba.nacos.plugin.auth.spi.client.ClientAuthPluginManager","message":"[ClientAuthPluginManager] Load ClientAuthService com.alibaba.nacos.client.auth.impl.NacosClientAuthServiceImpl success."}
{"@timestamp":"2025-10-03T17:05:33.561530029+08:00","@version":"1","level":"INFO","thread_name":"main","logger_name":"com.alibaba.nacos.plugin.auth.spi.client.ClientAuthPluginManager","message":"[ClientAuthPluginManager] Load ClientAuthService com.alibaba.nacos.client.auth.ram.RamClientAuthServiceImpl success."}
{"@timestamp":"2025-10-03T17:05:33.562961774+08:00","@version":"1","level":"INFO","thread_name":"main","logger_name":"com.alibaba.nacos.client.auth.ram.identify.CredentialWatcher","message":"null No credential found"}
{"@timestamp":"2025-10-03T17:05:35.295484706+08:00","@version":"1","level":"WARN","thread_name":"main","logger_name":"com.alibaba.nacos.client.logging.NacosLogging","message":"Load Logback Configuration of Nacos fail, message: Could not initialize Logback Nacos logging from classpath:nacos-logback.xml"}
{"@timestamp":"2025-10-03T17:05:35.327202279+08:00","@version":"1","level":"WARN","thread_name":"main","logger_name":"com.alibaba.nacos.client.logging.NacosLogging","message":"Load Logback Configuration of Nacos fail, message: Could not initialize Logback Nacos logging from classpath:nacos-logback.xml"}
{"@timestamp":"2025-10-03T17:05:35.55615873+08:00","@version":"1","level":"WARN","thread_name":"main","logger_name":"com.alibaba.nacos.client.logging.NacosLogging","message":"Load Logback Configuration of Nacos fail, message: Could not initialize Logback Nacos logging from classpath:nacos-logback.xml"}
{"@timestamp":"2025-10-03T17:05:35.558041447+08:00","@version":"1","level":"INFO","thread_name":"main","logger_name":"com.alibaba.nacos.client.utils.ParamUtil","message":"[settings] [req-serv] nacos-server port:8848"}
{"@timestamp":"2025-10-03T17:05:35.558316194+08:00","@version":"1","level":"INFO","thread_name":"main","logger_name":"com.alibaba.nacos.client.utils.ParamUtil","message":"[settings] [http-client] connect timeout:1000"}
{"@timestamp":"2025-10-03T17:05:35.559423003+08:00","@version":"1","level":"INFO","thread_name":"main","logger_name":"com.alibaba.nacos.client.utils.ParamUtil","message":"PER_TASK_CONFIG_SIZE: 3000.0"}
{"@timestamp":"2025-10-03T17:05:35.583986559+08:00","@version":"1","level":"INFO","thread_name":"main","logger_name":"com.alibaba.nacos.plugin.auth.spi.client.ClientAuthPluginManager","message":"[ClientAuthPluginManager] Load ClientAuthService com.alibaba.nacos.client.auth.impl.NacosClientAuthServiceImpl success."}
{"@timestamp":"2025-10-03T17:05:35.584176161+08:00","@version":"1","level":"INFO","thread_name":"main","logger_name":"com.alibaba.nacos.plugin.auth.spi.client.ClientAuthPluginManager","message":"[ClientAuthPluginManager] Load ClientAuthService com.alibaba.nacos.client.auth.ram.RamClientAuthServiceImpl success."}
{"@timestamp":"2025-10-03T17:05:35.586758557+08:00","@version":"1","level":"INFO","thread_name":"main","logger_name":"com.alibaba.nacos.client.auth.ram.identify.CredentialWatcher","message":"null No credential found"}
{"@timestamp":"2025-10-03T17:05:37.689600273+08:00","@version":"1","level":"WARN","thread_name":"main","logger_name":"com.alibaba.nacos.client.logging.NacosLogging","message":"Load Logback Configuration of Nacos fail, message: Could not initialize Logback Nacos logging from classpath:nacos-logback.xml"}
{"@timestamp":"2025-10-03T17:05:37.726749056+08:00","@version":"1","level":"WARN","thread_name":"main","logger_name":"com.alibaba.nacos.client.logging.NacosLogging","message":"Load Logback Configuration of Nacos fail, message: Could not initialize Logback Nacos logging from classpath:nacos-logback.xml"}
{"@timestamp":"2025-10-03T17:05:37.876222247+08:00","@version":"1","level":"WARN","thread_name":"main","logger_name":"com.alibaba.nacos.client.logging.NacosLogging","message":"Load Logback Configuration of Nacos fail, message: Could not initialize Logback Nacos logging from classpath:nacos-logback.xml"}
{"@timestamp":"2025-10-03T17:05:37.877332521+08:00","@version":"1","level":"INFO","thread_name":"main","logger_name":"com.alibaba.nacos.client.utils.ParamUtil","message":"[settings] [req-serv] nacos-server port:8848"}
{"@timestamp":"2025-10-03T17:05:37.87747085+08:00","@version":"1","level":"INFO","thread_name":"main","logger_name":"com.alibaba.nacos.client.utils.ParamUtil","message":"[settings] [http-client] connect timeout:1000"}
{"@timestamp":"2025-10-03T17:05:37.878013877+08:00","@version":"1","level":"INFO","thread_name":"main","logger_name":"com.alibaba.nacos.client.utils.ParamUtil","message":"PER_TASK_CONFIG_SIZE: 3000.0"}
{"@timestamp":"2025-10-03T17:05:37.892172536+08:00","@version":"1","level":"INFO","thread_name":"main","logger_name":"com.alibaba.nacos.plugin.auth.spi.client.ClientAuthPluginManager","message":"[ClientAuthPluginManager] Load ClientAuthService com.alibaba.nacos.client.auth.impl.NacosClientAuthServiceImpl success."}
{"@timestamp":"2025-10-03T17:05:37.892342505+08:00","@version":"1","level":"INFO","thread_name":"main","logger_name":"com.alibaba.nacos.plugin.auth.spi.client.ClientAuthPluginManager","message":"[ClientAuthPluginManager] Load ClientAuthService com.alibaba.nacos.client.auth.ram.RamClientAuthServiceImpl success."}
{"@timestamp":"2025-10-03T17:05:37.893712573+08:00","@version":"1","level":"INFO","thread_name":"main","logger_name":"com.alibaba.nacos.client.auth.ram.identify.CredentialWatcher","message":"null No credential found"}
{"@timestamp":"2025-10-03T17:59:07.363828713+08:00","@version":"1","level":"WARN","thread_name":"main","logger_name":"com.alibaba.nacos.client.logging.NacosLogging","message":"Load Logback Configuration of Nacos fail, message: Could not initialize Logback Nacos logging from classpath:nacos-logback.xml"}
{"@timestamp":"2025-10-03T17:59:07.399193646+08:00","@version":"1","level":"WARN","thread_name":"main","logger_name":"com.alibaba.nacos.client.logging.NacosLogging","message":"Load Logback Configuration of Nacos fail, message: Could not initialize Logback Nacos logging from classpath:nacos-logback.xml"}
{"@timestamp":"2025-10-03T17:59:07.561706927+08:00","@version":"1","level":"WARN","thread_name":"main","logger_name":"com.alibaba.nacos.client.logging.NacosLogging","message":"Load Logback Configuration of Nacos fail, message: Could not initialize Logback Nacos logging from classpath:nacos-logback.xml"}
{"@timestamp":"2025-10-03T17:59:07.562879043+08:00","@version":"1","level":"INFO","thread_name":"main","logger_name":"com.alibaba.nacos.client.utils.ParamUtil","message":"[settings] [req-serv] nacos-server port:8848"}
{"@timestamp":"2025-10-03T17:59:07.56299278+08:00","@version":"1","level":"INFO","thread_name":"main","logger_name":"com.alibaba.nacos.client.utils.ParamUtil","message":"[settings] [http-client] connect timeout:1000"}
{"@timestamp":"2025-10-03T17:59:07.563712682+08:00","@version":"1","level":"INFO","thread_name":"main","logger_name":"com.alibaba.nacos.client.utils.ParamUtil","message":"PER_TASK_CONFIG_SIZE: 3000.0"}
{"@timestamp":"2025-10-03T17:59:07.583591462+08:00","@version":"1","level":"INFO","thread_name":"main","logger_name":"com.alibaba.nacos.plugin.auth.spi.client.ClientAuthPluginManager","message":"[ClientAuthPluginManager] Load ClientAuthService com.alibaba.nacos.client.auth.impl.NacosClientAuthServiceImpl success."}
{"@timestamp":"2025-10-03T17:59:07.583813392+08:00","@version":"1","level":"INFO","thread_name":"main","logger_name":"com.alibaba.nacos.plugin.auth.spi.client.ClientAuthPluginManager","message":"[ClientAuthPluginManager] Load ClientAuthService com.alibaba.nacos.client.auth.ram.RamClientAuthServiceImpl success."}
{"@timestamp":"2025-10-03T17:59:07.586286184+08:00","@version":"1","level":"INFO","thread_name":"main","logger_name":"com.alibaba.nacos.client.auth.ram.identify.CredentialWatcher","message":"null No credential found"}
{"@timestamp":"2025-10-03T17:59:08.34104449+08:00","@version":"1","level":"WARN","thread_name":"main","logger_name":"com.alibaba.nacos.client.logging.NacosLogging","message":"Load Logback Configuration of Nacos fail, message: Could not initialize Logback Nacos logging from classpath:nacos-logback.xml"}
{"@timestamp":"2025-10-03T17:59:08.378285635+08:00","@version":"1","level":"WARN","thread_name":"main","logger_name":"com.alibaba.nacos.client.logging.NacosLogging","message":"Load Logback Configuration of Nacos fail, message: Could not initialize Logback Nacos logging from classpath:nacos-logback.xml"}
{"@timestamp":"2025-10-03T17:59:08.636011561+08:00","@version":"1","level":"WARN","thread_name":"main","logger_name":"com.alibaba.nacos.client.logging.NacosLogging","message":"Load Logback Configuration of Nacos fail, message: Could not initialize Logback Nacos logging from classpath:nacos-logback.xml"}
{"@timestamp":"2025-10-03T17:59:08.637803528+08:00","@version":"1","level":"INFO","thread_name":"main","logger_name":"com.alibaba.nacos.client.utils.ParamUtil","message":"[settings] [req-serv] nacos-server port:8848"}
{"@timestamp":"2025-10-03T17:59:08.638033157+08:00","@version":"1","level":"INFO","thread_name":"main","logger_name":"com.alibaba.nacos.client.utils.ParamUtil","message":"[settings] [http-client] connect timeout:1000"}
{"@timestamp":"2025-10-03T17:59:08.639153668+08:00","@version":"1","level":"INFO","thread_name":"main","logger_name":"com.alibaba.nacos.client.utils.ParamUtil","message":"PER_TASK_CONFIG_SIZE: 3000.0"}
{"@timestamp":"2025-10-03T17:59:08.659306863+08:00","@version":"1","level":"INFO","thread_name":"main","logger_name":"com.alibaba.nacos.plugin.auth.spi.client.ClientAuthPluginManager","message":"[ClientAuthPluginManager] Load ClientAuthService com.alibaba.nacos.client.auth.impl.NacosClientAuthServiceImpl success."}
{"@timestamp":"2025-10-03T17:59:08.659524928+08:00","@version":"1","level":"INFO","thread_name":"main","logger_name":"com.alibaba.nacos.plugin.auth.spi.client.ClientAuthPluginManager","message":"[ClientAuthPluginManager] Load ClientAuthService com.alibaba.nacos.client.auth.ram.RamClientAuthServiceImpl success."}
{"@timestamp":"2025-10-03T17:59:08.661320459+08:00","@version":"1","level":"INFO","thread_name":"main","logger_name":"com.alibaba.nacos.client.auth.ram.identify.CredentialWatcher","message":"null No credential found"}
{"@timestamp":"2025-10-03T17:59:09.452133322+08:00","@version":"1","level":"WARN","thread_name":"main","logger_name":"com.alibaba.nacos.client.logging.NacosLogging","message":"Load Logback Configuration of Nacos fail, message: Could not initialize Logback Nacos logging from classpath:nacos-logback.xml"}
{"@timestamp":"2025-10-03T17:59:09.481844832+08:00","@version":"1","level":"WARN","thread_name":"main","logger_name":"com.alibaba.nacos.client.logging.NacosLogging","message":"Load Logback Configuration of Nacos fail, message: Could not initialize Logback Nacos logging from classpath:nacos-logback.xml"}
{"@timestamp":"2025-10-03T17:59:09.690542466+08:00","@version":"1","level":"WARN","thread_name":"main","logger_name":"com.alibaba.nacos.client.logging.NacosLogging","message":"Load Logback Configuration of Nacos fail, message: Could not initialize Logback Nacos logging from classpath:nacos-logback.xml"}
{"@timestamp":"2025-10-03T17:59:09.692555688+08:00","@version":"1","level":"INFO","thread_name":"main","logger_name":"com.alibaba.nacos.client.utils.ParamUtil","message":"[settings] [req-serv] nacos-server port:8848"}
{"@timestamp":"2025-10-03T17:59:09.692827352+08:00","@version":"1","level":"INFO","thread_name":"main","logger_name":"com.alibaba.nacos.client.utils.ParamUtil","message":"[settings] [http-client] connect timeout:1000"}
{"@timestamp":"2025-10-03T17:59:09.693925308+08:00","@version":"1","level":"INFO","thread_name":"main","logger_name":"com.alibaba.nacos.client.utils.ParamUtil","message":"PER_TASK_CONFIG_SIZE: 3000.0"}
{"@timestamp":"2025-10-03T17:59:09.718525835+08:00","@version":"1","level":"INFO","thread_name":"main","logger_name":"com.alibaba.nacos.plugin.auth.spi.client.ClientAuthPluginManager","message":"[ClientAuthPluginManager] Load ClientAuthService com.alibaba.nacos.client.auth.impl.NacosClientAuthServiceImpl success."}
{"@timestamp":"2025-10-03T17:59:09.718742371+08:00","@version":"1","level":"INFO","thread_name":"main","logger_name":"com.alibaba.nacos.plugin.auth.spi.client.ClientAuthPluginManager","message":"[ClientAuthPluginManager] Load ClientAuthService com.alibaba.nacos.client.auth.ram.RamClientAuthServiceImpl success."}
{"@timestamp":"2025-10-03T17:59:09.721151817+08:00","@version":"1","level":"INFO","thread_name":"main","logger_name":"com.alibaba.nacos.client.auth.ram.identify.CredentialWatcher","message":"null No credential found"}
{"@timestamp":"2025-10-03T17:59:11.786383597+08:00","@version":"1","level":"WARN","thread_name":"main","logger_name":"com.alibaba.nacos.client.logging.NacosLogging","message":"Load Logback Configuration of Nacos fail, message: Could not initialize Logback Nacos logging from classpath:nacos-logback.xml"}
{"@timestamp":"2025-10-03T17:59:11.823362177+08:00","@version":"1","level":"WARN","thread_name":"main","logger_name":"com.alibaba.nacos.client.logging.NacosLogging","message":"Load Logback Configuration of Nacos fail, message: Could not initialize Logback Nacos logging from classpath:nacos-logback.xml"}
{"@timestamp":"2025-10-03T17:59:11.977056507+08:00","@version":"1","level":"WARN","thread_name":"main","logger_name":"com.alibaba.nacos.client.logging.NacosLogging","message":"Load Logback Configuration of Nacos fail, message: Could not initialize Logback Nacos logging from classpath:nacos-logback.xml"}
{"@timestamp":"2025-10-03T17:59:11.977950704+08:00","@version":"1","level":"INFO","thread_name":"main","logger_name":"com.alibaba.nacos.client.utils.ParamUtil","message":"[settings] [req-serv] nacos-server port:8848"}
{"@timestamp":"2025-10-03T17:59:11.978019477+08:00","@version":"1","level":"INFO","thread_name":"main","logger_name":"com.alibaba.nacos.client.utils.ParamUtil","message":"[settings] [http-client] connect timeout:1000"}
{"@timestamp":"2025-10-03T17:59:11.97851792+08:00","@version":"1","level":"INFO","thread_name":"main","logger_name":"com.alibaba.nacos.client.utils.ParamUtil","message":"PER_TASK_CONFIG_SIZE: 3000.0"}
{"@timestamp":"2025-10-03T17:59:11.990363944+08:00","@version":"1","level":"INFO","thread_name":"main","logger_name":"com.alibaba.nacos.plugin.auth.spi.client.ClientAuthPluginManager","message":"[ClientAuthPluginManager] Load ClientAuthService com.alibaba.nacos.client.auth.impl.NacosClientAuthServiceImpl success."}
{"@timestamp":"2025-10-03T17:59:11.990509232+08:00","@version":"1","level":"INFO","thread_name":"main","logger_name":"com.alibaba.nacos.plugin.auth.spi.client.ClientAuthPluginManager","message":"[ClientAuthPluginManager] Load ClientAuthService com.alibaba.nacos.client.auth.ram.RamClientAuthServiceImpl success."}
{"@timestamp":"2025-10-03T17:59:11.991788484+08:00","@version":"1","level":"INFO","thread_name":"main","logger_name":"com.alibaba.nacos.client.auth.ram.identify.CredentialWatcher","message":"null No credential found"}
{"@timestamp":"2025-10-03T17:59:17.114893183+08:00","@version":"1","level":"WARN","thread_name":"main","logger_name":"com.alibaba.nacos.client.logging.NacosLogging","message":"Load Logback Configuration of Nacos fail, message: Could not initialize Logback Nacos logging from classpath:nacos-logback.xml"}
{"@timestamp":"2025-10-03T17:59:17.142083741+08:00","@version":"1","level":"WARN","thread_name":"main","logger_name":"com.alibaba.nacos.client.logging.NacosLogging","message":"Load Logback Configuration of Nacos fail, message: Could not initialize Logback Nacos logging from classpath:nacos-logback.xml"}
{"@timestamp":"2025-10-03T17:59:17.250901809+08:00","@version":"1","level":"WARN","thread_name":"main","logger_name":"com.alibaba.nacos.client.logging.NacosLogging","message":"Load Logback Configuration of Nacos fail, message: Could not initialize Logback Nacos logging from classpath:nacos-logback.xml"}
{"@timestamp":"2025-10-03T17:59:17.251732591+08:00","@version":"1","level":"INFO","thread_name":"main","logger_name":"com.alibaba.nacos.client.utils.ParamUtil","message":"[settings] [req-serv] nacos-server port:8848"}
{"@timestamp":"2025-10-03T17:59:17.251830874+08:00","@version":"1","level":"INFO","thread_name":"main","logger_name":"com.alibaba.nacos.client.utils.ParamUtil","message":"[settings] [http-client] connect timeout:1000"}
{"@timestamp":"2025-10-03T17:59:17.252254089+08:00","@version":"1","level":"INFO","thread_name":"main","logger_name":"com.alibaba.nacos.client.utils.ParamUtil","message":"PER_TASK_CONFIG_SIZE: 3000.0"}
{"@timestamp":"2025-10-03T17:59:17.262605104+08:00","@version":"1","level":"INFO","thread_name":"main","logger_name":"com.alibaba.nacos.plugin.auth.spi.client.ClientAuthPluginManager","message":"[ClientAuthPluginManager] Load ClientAuthService com.alibaba.nacos.client.auth.impl.NacosClientAuthServiceImpl success."}
{"@timestamp":"2025-10-03T17:59:17.262713603+08:00","@version":"1","level":"INFO","thread_name":"main","logger_name":"com.alibaba.nacos.plugin.auth.spi.client.ClientAuthPluginManager","message":"[ClientAuthPluginManager] Load ClientAuthService com.alibaba.nacos.client.auth.ram.RamClientAuthServiceImpl success."}
{"@timestamp":"2025-10-03T17:59:17.263762347+08:00","@version":"1","level":"INFO","thread_name":"main","logger_name":"com.alibaba.nacos.client.auth.ram.identify.CredentialWatcher","message":"null No credential found"}
